<?xml version="1.0" encoding="utf-8"?><testsuites name="pytest tests"><testsuite name="pytest" errors="0" failures="1" skipped="0" tests="19" time="8.916" timestamp="2026-04-24T11:00:33.046658+00:00" hostname="agent-env-c66e6787-531a-4676-8aa8-dea816b14b2a"><testcase classname="backend.tests.test_user_roles_api.TestLogin" name="test_admin_login_role_and_status" time="0.403" /><testcase classname="backend.tests.test_user_roles_api.TestLogin" name="test_team_login_role" time="0.339" /><testcase classname="backend.tests.test_user_roles_api.TestLogin" name="test_invalid_credentials" time="0.358" /><testcase classname="backend.tests.test_user_roles_api.TestSecurityHeaders" name="test_headers_on_every_response" time="0.435" /><testcase classname="backend.tests.test_user_roles_api.TestUsersAdminOnly" name="test_admin_can_list_users_with_stats" time="0.106" /><testcase classname="backend.tests.test_user_roles_api.TestUsersAdminOnly" name="test_team_cannot_list_users" time="0.430" /><testcase classname="backend.tests.test_user_roles_api.TestUsersAdminOnly" name="test_no_token_rejected" time="0.110" /><testcase classname="backend.tests.test_user_roles_api.TestInviteFlow" name="test_full_invite_signup_login_cycle" time="1.100" /><testcase classname="backend.tests.test_user_roles_api.TestInviteFlow" name="test_invalid_token" time="0.112" /><testcase classname="backend.tests.test_user_roles_api.TestInviteFlow" name="test_expired_token_returns_410" time="0.169"><failure message="pymongo.errors.InvalidURI: Invalid URI scheme: URI must begin with 'mongodb://' or 'mongodb+srv://'">backend/tests/test_user_roles_api.py:183: in test_expired_token_returns_410
    mc = MongoClient(envs["MONGO_URL"])
         ^^^^^^^^^^^^^^^^^^^^^^^^^^^^^^
/root/.venv/lib/python3.11/site-packages/pymongo/mongo_client.py:766: in __init__
    res = uri_parser.parse_uri(
/root/.venv/lib/python3.11/site-packages/pymongo/uri_parser.py:496: in parse_uri
    raise InvalidURI(f"Invalid URI scheme: URI must begin with '{SCHEME}' or '{SRV_SCHEME}'")
E   pymongo.errors.InvalidURI: Invalid URI scheme: URI must begin with 'mongodb://' or 'mongodb+srv://'</failure></testcase><testcase classname="backend.tests.test_user_roles_api.TestRoleMatrix" name="test_team_can_create_and_edit_talent" time="0.762" /><testcase classname="backend.tests.test_user_roles_api.TestRoleMatrix" name="test_team_can_create_edit_project" time="0.736" /><testcase classname="backend.tests.test_user_roles_api.TestRoleMatrix" name="test_team_cannot_create_or_edit_links" time="0.232" /><testcase classname="backend.tests.test_user_roles_api.TestRoleMatrix" name="test_team_cannot_delete_users" time="0.099" /><testcase classname="backend.tests.test_user_roles_api.TestAdminUserActions" name="test_disable_then_enable" time="1.437" /><testcase classname="backend.tests.test_user_roles_api.TestAdminUserActions" name="test_reset_password_returns_temp_and_works" time="1.226" /><testcase classname="backend.tests.test_user_roles_api.TestAdminUserActions" name="test_cannot_disable_self" time="0.203" /><testcase classname="backend.tests.test_user_roles_api.TestAdminUserActions" name="test_cannot_delete_last_admin" time="0.214" /><testcase classname="backend.tests.test_user_roles_api.TestProjectBudget" name="test_client_budget_hidden_from_public_project" time="0.301" /></testsuite></testsuites>