<?xml version="1.0" encoding="utf-8"?><testsuites name="pytest tests"><testsuite name="pytest" errors="0" failures="0" skipped="0" tests="9" time="40.550" timestamp="2026-04-24T15:24:48.319470+00:00" hostname="agent-env-c66e6787-531a-4676-8aa8-dea816b14b2a"><testcase classname="tests.test_password_flows.TestChangePassword" name="test_wrong_current_password_rejected" time="4.686" /><testcase classname="tests.test_password_flows.TestChangePassword" name="test_weak_new_password_rejected" time="5.303" /><testcase classname="tests.test_password_flows.TestChangePassword" name="test_same_as_current_rejected" time="4.261" /><testcase classname="tests.test_password_flows.TestChangePassword" name="test_success_invalidates_old_token" time="6.064" /><testcase classname="tests.test_password_flows.TestForgotPassword" name="test_generic_message_for_existing_email" time="0.002" /><testcase classname="tests.test_password_flows.TestForgotPassword" name="test_generic_message_for_unknown_email" time="0.002" /><testcase classname="tests.test_password_flows.TestAdminResetLink" name="test_admin_generates_link_and_token_is_not_stored_raw" time="7.731" /><testcase classname="tests.test_password_flows.TestAdminResetLink" name="test_full_reset_flow_single_use_and_invalidates_sessions" time="8.692" /><testcase classname="tests.test_password_flows.TestAdminResetLink" name="test_only_admin_can_generate_reset_link" time="3.749" /></testsuite></testsuites>