<?xml version="1.0" encoding="utf-8"?><testsuites name="pytest tests"><testsuite name="pytest" errors="0" failures="0" skipped="0" tests="13" time="15.520" timestamp="2026-05-03T08:33:00.267505+00:00" hostname="agent-env-c66e6787-531a-4676-8aa8-dea816b14b2a"><testcase classname="backend.tests.test_marketing.TestMarketingAuthGuards" name="test_list_clients_requires_auth" time="5.435" /><testcase classname="backend.tests.test_marketing.TestMarketingAuthGuards" name="test_create_client_requires_auth" time="0.168" /><testcase classname="backend.tests.test_marketing.TestMarketingAuthGuards" name="test_get_client_requires_auth" time="0.104" /><testcase classname="backend.tests.test_marketing.TestMarketingAuthGuards" name="test_create_interaction_requires_auth" time="0.109" /><testcase classname="backend.tests.test_marketing.TestMarketingAuthGuards" name="test_list_interactions_requires_auth" time="0.106" /><testcase classname="backend.tests.test_marketing.TestMarketingClientsCRUD" name="test_list_clients_with_auth" time="1.355" /><testcase classname="backend.tests.test_marketing.TestMarketingClientsCRUD" name="test_create_client_and_persist" time="1.671" /><testcase classname="backend.tests.test_marketing.TestMarketingClientsCRUD" name="test_create_client_requires_name" time="0.340" /><testcase classname="backend.tests.test_marketing.TestMarketingClientsCRUD" name="test_get_client_bad_objectid" time="0.330" /><testcase classname="backend.tests.test_marketing.TestMarketingClientsCRUD" name="test_get_client_nonexistent" time="0.554" /><testcase classname="backend.tests.test_marketing.TestMarketingInteractions" name="test_create_interaction_bad_objectid" time="0.344" /><testcase classname="backend.tests.test_marketing.TestMarketingInteractions" name="test_create_interaction_nonexistent_client" time="0.578" /><testcase classname="backend.tests.test_marketing.TestMarketingInteractions" name="test_full_interaction_flow" time="4.341" /></testsuite></testsuites>