<?xml version="1.0" encoding="utf-8"?><testsuites name="pytest tests"><testsuite name="pytest" errors="0" failures="0" skipped="6" tests="87" time="229.984" timestamp="2026-04-24T15:30:08.863181+00:00" hostname="agent-env-c66e6787-531a-4676-8aa8-dea816b14b2a"><testcase classname="tests.backend_test.TestAuth" name="test_login_success" time="0.834" /><testcase classname="tests.backend_test.TestAuth" name="test_login_invalid" time="0.583" /><testcase classname="tests.backend_test.TestAuth" name="test_me_requires_auth" time="0.129" /><testcase classname="tests.backend_test.TestAuth" name="test_me_with_token" time="1.179" /><testcase classname="tests.backend_test.TestTalentCRUD" name="test_full_talent_crud" time="4.695" /><testcase classname="tests.backend_test.TestMediaUpload" name="test_media_upload_sets_cover_and_delete" time="4.447" /><testcase classname="tests.backend_test.TestLinks" name="test_link_crud_and_duplicate" time="10.030" /><testcase classname="tests.backend_test.TestE2EFlow" name="test_full_flow" time="16.103" /><testcase classname="tests.test_casting_review" name="test_new_take_category_carries_label" time="0.000" /><testcase classname="tests.test_casting_review" name="test_new_take_blank_label_is_preserved_if_given" time="0.000" /><testcase classname="tests.test_casting_review" name="test_legacy_takes_auto_label" time="0.000" /><testcase classname="tests.test_casting_review" name="test_legacy_and_new_takes_coexist_legacy_first" time="0.000" /><testcase classname="tests.test_casting_review" name="test_label_passes_through_filter_talent_for_client" time="0.000" /><testcase classname="tests.test_casting_review" name="test_order_takes_then_intro_then_images" time="0.000" /><testcase classname="tests.test_casting_review" name="test_competitive_brand_gated_off_by_default" time="0.000" /><testcase classname="tests.test_casting_review" name="test_competitive_brand_gated_on_passes_through" time="0.000" /><testcase classname="tests.test_casting_review" name="test_custom_answers_all_or_nothing_bool" time="0.000" /><testcase classname="tests.test_casting_review" name="test_custom_answers_per_question_dict_filter" time="0.000" /><testcase classname="tests.test_casting_review" name="test_custom_answers_all_hidden_removes_key" time="0.000" /><testcase classname="tests.test_casting_review" name="test_allowlist_contains_new_fields" time="0.000" /><testcase classname="tests.test_casting_review_live" name="test_start_new_then_resume_same_email" time="2.887" /><testcase classname="tests.test_casting_review_live" name="test_take_upload_with_label_and_without" time="2.809" /><testcase classname="tests.test_casting_review_live" name="test_patch_take_label_rules" time="4.578" /><testcase classname="tests.test_casting_review_live" name="test_max_5_takes" time="6.093" /><testcase classname="tests.test_casting_review_live" name="test_retest_flow_reupload_flips_status" time="12.009" /><testcase classname="tests.test_casting_review_live" name="test_delete_after_finalize_flips_status" time="11.648" /><testcase classname="tests.test_casting_review_live" name="test_public_link_order_and_take_category" time="11.935" /><testcase classname="tests.test_casting_review_live" name="test_public_link_competitive_brand_gating" time="15.032" /><testcase classname="tests.test_casting_review_live" name="test_public_link_custom_answers_modes" time="19.249" /><testcase classname="tests.test_casting_review_live" name="test_legacy_take_category_renders_as_take_with_label" time="12.521" /><testcase classname="tests.test_client_payload_isolation" name="test_availability_and_budget_flow_to_client_when_enabled" time="0.000" /><testcase classname="tests.test_client_payload_isolation" name="test_submission_shape_excludes_admin_form_data" time="0.000" /><testcase classname="tests.test_client_payload_isolation" name="test_takes_are_ordered_and_gated_by_visibility" time="0.000" /><testcase classname="tests.test_client_payload_isolation" name="test_final_payload_is_allowlist_only" time="0.000" /><testcase classname="tests.test_client_payload_isolation" name="test_public_media_strips_scope_markers" time="0.000" /><testcase classname="tests.test_client_payload_isolation" name="test_hidden_field_visibility_drops_values" time="0.000" /><testcase classname="tests.test_password_flows.TestChangePassword" name="test_wrong_current_password_rejected" time="4.195" /><testcase classname="tests.test_password_flows.TestChangePassword" name="test_weak_new_password_rejected" time="4.895" /><testcase classname="tests.test_password_flows.TestChangePassword" name="test_same_as_current_rejected" time="6.094" /><testcase classname="tests.test_password_flows.TestChangePassword" name="test_success_invalidates_old_token" time="6.076" /><testcase classname="tests.test_password_flows.TestForgotPassword" name="test_generic_message_for_existing_email" time="0.003" /><testcase classname="tests.test_password_flows.TestForgotPassword" name="test_generic_message_for_unknown_email" time="0.003" /><testcase classname="tests.test_password_flows.TestAdminResetLink" name="test_admin_generates_link_and_token_is_not_stored_raw" time="7.605" /><testcase classname="tests.test_password_flows.TestAdminResetLink" name="test_full_reset_flow_single_use_and_invalidates_sessions" time="8.648" /><testcase classname="tests.test_password_flows.TestAdminResetLink" name="test_only_admin_can_generate_reset_link" time="3.763" /><testcase classname="tests.test_project_budget" name="test_clean_budget_lines_drops_empty_rows" time="0.000" /><testcase classname="tests.test_project_budget" name="test_clean_budget_lines_handles_none_and_non_list" time="0.000" /><testcase classname="tests.test_project_budget" name="test_clean_budget_lines_coerces_strings_and_trims" time="0.000" /><testcase classname="tests.test_project_budget" name="test_public_project_for_talent_strips_client_budget" time="0.000" /><testcase classname="tests.test_project_budget" name="test_public_project_retains_client_budget" time="0.000" /><testcase classname="tests.test_scale_p0" name="test_pagination_backward_compatible[/talents]" time="2.105" /><testcase classname="tests.test_scale_p0" name="test_pagination_backward_compatible[/projects]" time="1.176" /><testcase classname="tests.test_scale_p0" name="test_pagination_backward_compatible[/links]" time="1.891" /><testcase classname="tests.test_scale_p0" name="test_pagination_backward_compatible[/applications]" time="1.176" /><testcase classname="tests.test_scale_p0" name="test_pagination_backward_compatible[/submissions/approved]" time="1.643" /><testcase classname="tests.test_scale_p0" name="test_image_upload_generates_resized_variant" time="2.710" /><testcase classname="tests.test_scale_p0" name="test_submission_upload_rejects_oversized_video" time="2.207" /><testcase classname="tests.test_scale_p0_extra" name="test_project_submissions_pagination_backcompat" time="2.341" /><testcase classname="tests.test_scale_p0_extra" name="test_submission_image_oversize_rejected" time="1.026" /><testcase classname="tests.test_scale_p0_extra" name="test_applications_upload_oversize_video_rejected" time="1.532" /><testcase classname="tests.test_scale_p0_extra" name="test_applications_image_upload_has_resized_variant" time="2.665" /><testcase classname="tests.test_user_roles" name="test_roles_are_canonical" time="0.000" /><testcase classname="tests.test_user_roles" name="test_statuses_are_canonical" time="0.000" /><testcase classname="tests.test_user_roles" name="test_temp_password_defaults_to_14_chars" time="0.001" /><testcase classname="tests.test_user_roles" name="test_temp_password_has_required_classes" time="0.002" /><testcase classname="tests.test_user_roles" name="test_temp_password_avoids_ambiguous_chars" time="0.002" /><testcase classname="tests.test_user_roles" name="test_invite_tokens_are_unique_and_urlsafe" time="0.001" /><testcase classname="tests.test_user_roles" name="test_public_user_strips_secrets" time="0.000" /><testcase classname="tests.test_user_roles_api.TestLogin" name="test_admin_login_role_and_status" time="0.946" /><testcase classname="tests.test_user_roles_api.TestLogin" name="test_team_login_role" time="0.348"><skipped type="pytest.skip" message="team user missing">/app/backend/tests/test_user_roles_api.py:81: team user missing</skipped></testcase><testcase classname="tests.test_user_roles_api.TestLogin" name="test_invalid_credentials" time="0.605" /><testcase classname="tests.test_user_roles_api.TestSecurityHeaders" name="test_headers_on_every_response" time="1.399" /><testcase classname="tests.test_user_roles_api.TestUsersAdminOnly" name="test_admin_can_list_users_with_stats" time="0.572" /><testcase classname="tests.test_user_roles_api.TestUsersAdminOnly" name="test_team_cannot_list_users" time="0.353"><skipped type="pytest.skip" message="team login failed: 401 {&quot;detail&quot;:&quot;Invalid credentials&quot;}">/app/backend/tests/test_user_roles_api.py:114: team login failed: 401 {"detail":"Invalid credentials"}</skipped></testcase><testcase classname="tests.test_user_roles_api.TestUsersAdminOnly" name="test_no_token_rejected" time="0.128" /><testcase classname="tests.test_user_roles_api.TestInviteFlow" name="test_full_invite_signup_login_cycle" time="4.000" /><testcase classname="tests.test_user_roles_api.TestInviteFlow" name="test_invalid_token" time="0.353" /><testcase classname="tests.test_user_roles_api.TestInviteFlow" name="test_expired_token_returns_410" time="4.260" /><testcase classname="tests.test_user_roles_api.TestRoleMatrix" name="test_team_can_create_and_edit_talent" time="0.000"><skipped type="pytest.skip" message="team login failed: 401 {&quot;detail&quot;:&quot;Invalid credentials&quot;}">/app/backend/tests/test_user_roles_api.py:194: team login failed: 401 {"detail":"Invalid credentials"}</skipped></testcase><testcase classname="tests.test_user_roles_api.TestRoleMatrix" name="test_team_can_create_edit_project" time="0.000"><skipped type="pytest.skip" message="team login failed: 401 {&quot;detail&quot;:&quot;Invalid credentials&quot;}">/app/backend/tests/test_user_roles_api.py:216: team login failed: 401 {"detail":"Invalid credentials"}</skipped></testcase><testcase classname="tests.test_user_roles_api.TestRoleMatrix" name="test_team_cannot_create_or_edit_links" time="0.000"><skipped type="pytest.skip" message="team login failed: 401 {&quot;detail&quot;:&quot;Invalid credentials&quot;}">/app/backend/tests/test_user_roles_api.py:235: team login failed: 401 {"detail":"Invalid credentials"}</skipped></testcase><testcase classname="tests.test_user_roles_api.TestRoleMatrix" name="test_team_cannot_delete_users" time="0.000"><skipped type="pytest.skip" message="team login failed: 401 {&quot;detail&quot;:&quot;Invalid credentials&quot;}">/app/backend/tests/test_user_roles_api.py:249: team login failed: 401 {"detail":"Invalid credentials"}</skipped></testcase><testcase classname="tests.test_user_roles_api.TestAdminUserActions" name="test_disable_then_enable" time="6.055" /><testcase classname="tests.test_user_roles_api.TestAdminUserActions" name="test_reset_password_returns_reset_link_and_works" time="7.763" /><testcase classname="tests.test_user_roles_api.TestAdminUserActions" name="test_cannot_disable_self" time="1.201" /><testcase classname="tests.test_user_roles_api.TestAdminUserActions" name="test_cannot_delete_last_admin" time="1.187" /><testcase classname="tests.test_user_roles_api.TestProjectBudget" name="test_client_budget_hidden_from_public_project" time="1.841" /></testsuite></testsuites>