<?xml version="1.0" encoding="utf-8"?><testsuites name="pytest tests"><testsuite name="pytest" errors="0" failures="0" skipped="0" tests="6" time="12.058" timestamp="2026-04-25T10:36:31.161000+00:00" hostname="agent-env-c66e6787-531a-4676-8aa8-dea816b14b2a"><testcase classname="backend.tests.test_phase1_prefill.TestPrefillEndpoint" name="test_known_email_returns_safe_fields" time="5.649" /><testcase classname="backend.tests.test_phase1_prefill.TestPrefillEndpoint" name="test_unknown_email_returns_empty" time="0.360" /><testcase classname="backend.tests.test_phase1_prefill.TestPrefillEndpoint" name="test_malformed_email_returns_empty" time="0.096" /><testcase classname="backend.tests.test_phase1_prefill.TestPrefillEndpoint" name="test_empty_email_returns_empty" time="0.098" /><testcase classname="backend.tests.test_phase1_prefill.TestPrefillEndpoint" name="test_rate_limit_429_after_20" time="5.648" /><testcase classname="backend.tests.test_phase1_prefill.TestPrefillEndpoint" name="test_no_email_param_handled" time="0.132" /></testsuite></testsuites>