<?xml version="1.0" encoding="utf-8"?><testsuites name="pytest tests"><testsuite name="pytest" errors="0" failures="0" skipped="0" tests="14" time="51.854" timestamp="2026-04-27T13:00:03.657088+00:00" hostname="agent-env-c66e6787-531a-4676-8aa8-dea816b14b2a"><testcase classname="backend.tests.test_phase3_sync.TestForwardSync" name="test_upload_is_mirrored[image]" time="11.328" /><testcase classname="backend.tests.test_phase3_sync.TestForwardSync" name="test_upload_is_mirrored[indian]" time="3.359" /><testcase classname="backend.tests.test_phase3_sync.TestForwardSync" name="test_upload_is_mirrored[western]" time="3.398" /><testcase classname="backend.tests.test_phase3_sync.TestIdempotency" name="test_no_duplicate_mirror_per_source_id" time="8.065" /><testcase classname="backend.tests.test_phase3_sync.TestNonImageNotMirrored" name="test_intro_video_not_mirrored" time="3.297" /><testcase classname="backend.tests.test_phase3_sync.TestNonImageNotMirrored" name="test_take_not_mirrored" time="3.054" /><testcase classname="backend.tests.test_phase3_sync.TestDeleteSync" name="test_delete_indian_removes_mirror" time="5.013" /><testcase classname="backend.tests.test_phase3_sync.TestTalentMissingEdge" name="test_upload_without_talent_record_is_safe" time="9.477" /><testcase classname="backend.tests.test_phase3_sync.TestSiyaKaleBackfillSmoke" name="test_siya_kale_has_backfilled_media" time="1.131" /><testcase classname="backend.tests.test_phase3_sync.TestRegressionAdmin" name="test_listing_endpoints_ok[/api/talents]" time="0.594" /><testcase classname="backend.tests.test_phase3_sync.TestRegressionAdmin" name="test_listing_endpoints_ok[/api/projects]" time="0.589" /><testcase classname="backend.tests.test_phase3_sync.TestRegressionAdmin" name="test_listing_endpoints_ok[/api/links]" time="0.793" /><testcase classname="backend.tests.test_phase3_sync.TestRegressionAdmin" name="test_listing_endpoints_ok[/api/applications]" time="0.808" /><testcase classname="backend.tests.test_phase3_sync.TestRegressionAdmin" name="test_listing_endpoints_ok[/api/submissions/approved]" time="0.859" /></testsuite></testsuites>