<?xml version="1.0" encoding="utf-8"?><testsuites name="pytest tests"><testsuite name="pytest" errors="0" failures="0" skipped="0" tests="9" time="20.994" timestamp="2026-04-28T20:00:05.520359+00:00" hostname="agent-env-c66e6787-531a-4676-8aa8-dea816b14b2a"><testcase classname="backend.tests.test_cloudinary_migration" name="test_health_root" time="1.426" /><testcase classname="backend.tests.test_cloudinary_migration" name="test_admin_login" time="2.552" /><testcase classname="backend.tests.test_cloudinary_migration" name="test_talents_have_cloudinary_urls" time="0.539" /><testcase classname="backend.tests.test_cloudinary_migration" name="test_applications_media_urls" time="0.542" /><testcase classname="backend.tests.test_cloudinary_migration" name="test_project_submissions_public_media" time="2.161" /><testcase classname="backend.tests.test_cloudinary_migration" name="test_upload_to_cloudinary" time="2.934" /><testcase classname="backend.tests.test_cloudinary_migration" name="test_delete_media_cloudinary" time="1.887" /><testcase classname="backend.tests.test_cloudinary_migration" name="test_files_route_removed" time="0.123" /><testcase classname="backend.tests.test_cloudinary_migration" name="test_public_link_view_uses_cloudinary" time="8.743" /></testsuite></testsuites>