<?xml version="1.0" encoding="utf-8"?><testsuites name="pytest tests"><testsuite name="pytest" errors="0" failures="0" skipped="0" tests="10" time="20.793" timestamp="2026-04-27T13:35:38.370455+00:00" hostname="agent-env-c66e6787-531a-4676-8aa8-dea816b14b2a"><testcase classname="backend.tests.test_phase3_v37j.TestAdminRegression" name="test_login_admin" time="5.496" /><testcase classname="backend.tests.test_phase3_v37j.TestAdminRegression" name="test_talents_list" time="0.817" /><testcase classname="backend.tests.test_phase3_v37j.TestAdminRegression" name="test_projects_list" time="0.579" /><testcase classname="backend.tests.test_phase3_v37j.TestAdminRegression" name="test_links_list" time="0.785" /><testcase classname="backend.tests.test_phase3_v37j.TestAdminRegression" name="test_applications_list" time="1.267" /><testcase classname="backend.tests.test_phase3_v37j.TestAdminRegression" name="test_submissions_approved" time="0.804" /><testcase classname="backend.tests.test_phase3_v37j.TestCanonicalFixture" name="test_comfort_project_subs" time="0.567" /><testcase classname="backend.tests.test_phase3_v37j.TestLinkVisibilityRoundTrip" name="test_default_state_intact" time="0.804" /><testcase classname="backend.tests.test_phase3_v37j.TestLinkVisibilityRoundTrip" name="test_round_trip_indian_western_keys" time="7.319" /><testcase classname="backend.tests.test_phase3_v37j.TestPublicLinkPayload" name="test_public_payload_shivani_8_images" time="2.258" /></testsuite></testsuites>