<?xml version="1.0" encoding="utf-8"?><testsuites name="pytest tests"><testsuite name="pytest" errors="0" failures="0" skipped="0" tests="78" time="79.724" timestamp="2026-04-24T13:58:15.502744+00:00" hostname="agent-env-c66e6787-531a-4676-8aa8-dea816b14b2a"><testcase classname="tests.backend_test.TestAuth" name="test_login_success" time="0.456" /><testcase classname="tests.backend_test.TestAuth" name="test_login_invalid" time="0.330" /><testcase classname="tests.backend_test.TestAuth" name="test_me_requires_auth" time="0.107" /><testcase classname="tests.backend_test.TestAuth" name="test_me_with_token" time="0.443" /><testcase classname="tests.backend_test.TestTalentCRUD" name="test_full_talent_crud" time="0.837" /><testcase classname="tests.backend_test.TestMediaUpload" name="test_media_upload_sets_cover_and_delete" time="1.087" /><testcase classname="tests.backend_test.TestLinks" name="test_link_crud_and_duplicate" time="1.247" /><testcase classname="tests.backend_test.TestE2EFlow" name="test_full_flow" time="2.522" /><testcase classname="tests.test_casting_review" name="test_new_take_category_carries_label" time="0.000" /><testcase classname="tests.test_casting_review" name="test_new_take_blank_label_is_preserved_if_given" time="0.000" /><testcase classname="tests.test_casting_review" name="test_legacy_takes_auto_label" time="0.000" /><testcase classname="tests.test_casting_review" name="test_legacy_and_new_takes_coexist_legacy_first" time="0.000" /><testcase classname="tests.test_casting_review" name="test_label_passes_through_filter_talent_for_client" time="0.000" /><testcase classname="tests.test_casting_review" name="test_order_takes_then_intro_then_images" time="0.000" /><testcase classname="tests.test_casting_review" name="test_competitive_brand_gated_off_by_default" time="0.000" /><testcase classname="tests.test_casting_review" name="test_competitive_brand_gated_on_passes_through" time="0.000" /><testcase classname="tests.test_casting_review" name="test_custom_answers_all_or_nothing_bool" time="0.000" /><testcase classname="tests.test_casting_review" name="test_custom_answers_per_question_dict_filter" time="0.000" /><testcase classname="tests.test_casting_review" name="test_custom_answers_all_hidden_removes_key" time="0.000" /><testcase classname="tests.test_casting_review" name="test_allowlist_contains_new_fields" time="0.000" /><testcase classname="tests.test_casting_review_live" name="test_start_new_then_resume_same_email" time="0.671" /><testcase classname="tests.test_casting_review_live" name="test_take_upload_with_label_and_without" time="0.602" /><testcase classname="tests.test_casting_review_live" name="test_patch_take_label_rules" time="0.998" /><testcase classname="tests.test_casting_review_live" name="test_max_5_takes" time="1.454" /><testcase classname="tests.test_casting_review_live" name="test_retest_flow_reupload_flips_status" time="2.594" /><testcase classname="tests.test_casting_review_live" name="test_delete_after_finalize_flips_status" time="2.529" /><testcase classname="tests.test_casting_review_live" name="test_public_link_order_and_take_category" time="2.356" /><testcase classname="tests.test_casting_review_live" name="test_public_link_competitive_brand_gating" time="2.824" /><testcase classname="tests.test_casting_review_live" name="test_public_link_custom_answers_modes" time="39.424" /><testcase classname="tests.test_casting_review_live" name="test_legacy_take_category_renders_as_take_with_label" time="2.744" /><testcase classname="tests.test_client_payload_isolation" name="test_availability_and_budget_flow_to_client_when_enabled" time="0.000" /><testcase classname="tests.test_client_payload_isolation" name="test_submission_shape_excludes_admin_form_data" time="0.000" /><testcase classname="tests.test_client_payload_isolation" name="test_takes_are_ordered_and_gated_by_visibility" time="0.000" /><testcase classname="tests.test_client_payload_isolation" name="test_final_payload_is_allowlist_only" time="0.000" /><testcase classname="tests.test_client_payload_isolation" name="test_public_media_strips_scope_markers" time="0.000" /><testcase classname="tests.test_client_payload_isolation" name="test_hidden_field_visibility_drops_values" time="0.000" /><testcase classname="tests.test_project_budget" name="test_clean_budget_lines_drops_empty_rows" time="0.000" /><testcase classname="tests.test_project_budget" name="test_clean_budget_lines_handles_none_and_non_list" time="0.000" /><testcase classname="tests.test_project_budget" name="test_clean_budget_lines_coerces_strings_and_trims" time="0.000" /><testcase classname="tests.test_project_budget" name="test_public_project_for_talent_strips_client_budget" time="0.000" /><testcase classname="tests.test_project_budget" name="test_public_project_retains_client_budget" time="0.000" /><testcase classname="tests.test_scale_p0" name="test_pagination_backward_compatible[/talents]" time="0.235" /><testcase classname="tests.test_scale_p0" name="test_pagination_backward_compatible[/projects]" time="0.007" /><testcase classname="tests.test_scale_p0" name="test_pagination_backward_compatible[/links]" time="0.029" /><testcase classname="tests.test_scale_p0" name="test_pagination_backward_compatible[/applications]" time="0.007" /><testcase classname="tests.test_scale_p0" name="test_pagination_backward_compatible[/submissions/approved]" time="0.006" /><testcase classname="tests.test_scale_p0" name="test_image_upload_generates_resized_variant" time="0.706" /><testcase classname="tests.test_scale_p0" name="test_submission_upload_rejects_oversized_video" time="0.532" /><testcase classname="tests.test_scale_p0_extra" name="test_project_submissions_pagination_backcompat" time="0.242" /><testcase classname="tests.test_scale_p0_extra" name="test_submission_image_oversize_rejected" time="0.096" /><testcase classname="tests.test_scale_p0_extra" name="test_applications_upload_oversize_video_rejected" time="0.675" /><testcase classname="tests.test_scale_p0_extra" name="test_applications_image_upload_has_resized_variant" time="1.136" /><testcase classname="tests.test_user_roles" name="test_roles_are_canonical" time="0.000" /><testcase classname="tests.test_user_roles" name="test_statuses_are_canonical" time="0.000" /><testcase classname="tests.test_user_roles" name="test_temp_password_defaults_to_14_chars" time="0.001" /><testcase classname="tests.test_user_roles" name="test_temp_password_has_required_classes" time="0.002" /><testcase classname="tests.test_user_roles" name="test_temp_password_avoids_ambiguous_chars" time="0.002" /><testcase classname="tests.test_user_roles" name="test_invite_tokens_are_unique_and_urlsafe" time="0.001" /><testcase classname="tests.test_user_roles" name="test_public_user_strips_secrets" time="0.000" /><testcase classname="tests.test_user_roles_api.TestLogin" name="test_admin_login_role_and_status" time="0.327" /><testcase classname="tests.test_user_roles_api.TestLogin" name="test_team_login_role" time="0.330" /><testcase classname="tests.test_user_roles_api.TestLogin" name="test_invalid_credentials" time="0.332" /><testcase classname="tests.test_user_roles_api.TestSecurityHeaders" name="test_headers_on_every_response" time="0.464" /><testcase classname="tests.test_user_roles_api.TestUsersAdminOnly" name="test_admin_can_list_users_with_stats" time="0.105" /><testcase classname="tests.test_user_roles_api.TestUsersAdminOnly" name="test_team_cannot_list_users" time="0.444" /><testcase classname="tests.test_user_roles_api.TestUsersAdminOnly" name="test_no_token_rejected" time="0.123" /><testcase classname="tests.test_user_roles_api.TestInviteFlow" name="test_full_invite_signup_login_cycle" time="1.169" /><testcase classname="tests.test_user_roles_api.TestInviteFlow" name="test_invalid_token" time="0.120" /><testcase classname="tests.test_user_roles_api.TestInviteFlow" name="test_expired_token_returns_410" time="0.365" /><testcase classname="tests.test_user_roles_api.TestRoleMatrix" name="test_team_can_create_and_edit_talent" time="0.821" /><testcase classname="tests.test_user_roles_api.TestRoleMatrix" name="test_team_can_create_edit_project" time="0.798" /><testcase classname="tests.test_user_roles_api.TestRoleMatrix" name="test_team_cannot_create_or_edit_links" time="0.232" /><testcase classname="tests.test_user_roles_api.TestRoleMatrix" name="test_team_cannot_delete_users" time="0.113" /><testcase classname="tests.test_user_roles_api.TestAdminUserActions" name="test_disable_then_enable" time="4.646" /><testcase classname="tests.test_user_roles_api.TestAdminUserActions" name="test_reset_password_returns_temp_and_works" time="1.232" /><testcase classname="tests.test_user_roles_api.TestAdminUserActions" name="test_cannot_disable_self" time="0.232" /><testcase classname="tests.test_user_roles_api.TestAdminUserActions" name="test_cannot_delete_last_admin" time="0.225" /><testcase classname="tests.test_user_roles_api.TestProjectBudget" name="test_client_budget_hidden_from_public_project" time="0.353" /></testsuite></testsuites>