<?xml version="1.0" encoding="utf-8"?><testsuites name="pytest tests"><testsuite name="pytest" errors="0" failures="0" skipped="0" tests="7" time="33.933" timestamp="2026-04-26T05:46:30.217641+00:00" hostname="agent-env-c66e6787-531a-4676-8aa8-dea816b14b2a"><testcase classname="backend.tests.test_phase2_unification" name="test_a_phone_roundtrips_in_talent_create" time="2.161" /><testcase classname="backend.tests.test_phase2_unification" name="test_a2_dup_email_merges_fill_empty_only" time="1.569" /><testcase classname="backend.tests.test_phase2_unification" name="test_b_prefill_returns_unified_fields" time="1.114" /><testcase classname="backend.tests.test_phase2_unification" name="test_c_d_submission_upload_categories_and_max" time="10.292" /><testcase classname="backend.tests.test_phase2_unification" name="test_e_apply_upload_accepts_indian_western" time="2.414" /><testcase classname="backend.tests.test_phase2_unification" name="test_f_finalize_fill_empty_only" time="12.914" /><testcase classname="backend.tests.test_phase2_unification" name="test_h_application_approval_syncs_unified_fields" time="3.406" /></testsuite></testsuites>