<?xml version="1.0" encoding="utf-8"?><testsuites name="pytest tests"><testsuite name="pytest" errors="0" failures="0" skipped="0" tests="8" time="7.819" timestamp="2026-04-24T02:38:44.888211+00:00" hostname="agent-env-c66e6787-531a-4676-8aa8-dea816b14b2a"><testcase classname="backend.tests.backend_test.TestAuth" name="test_login_success" time="0.379" /><testcase classname="backend.tests.backend_test.TestAuth" name="test_login_invalid" time="0.352" /><testcase classname="backend.tests.backend_test.TestAuth" name="test_me_requires_auth" time="0.138" /><testcase classname="backend.tests.backend_test.TestAuth" name="test_me_with_token" time="0.487" /><testcase classname="backend.tests.backend_test.TestTalentCRUD" name="test_full_talent_crud" time="0.848" /><testcase classname="backend.tests.backend_test.TestMediaUpload" name="test_media_upload_sets_cover_and_delete" time="1.383" /><testcase classname="backend.tests.backend_test.TestLinks" name="test_link_crud_and_duplicate" time="1.323" /><testcase classname="backend.tests.backend_test.TestE2EFlow" name="test_full_flow" time="2.826" /></testsuite></testsuites>