<?xml version="1.0" encoding="utf-8"?><testsuites name="pytest tests"><testsuite name="pytest" errors="0" failures="0" skipped="0" tests="6" time="42.988" timestamp="2026-04-25T07:17:16.672678+00:00" hostname="agent-env-c66e6787-531a-4676-8aa8-dea816b14b2a"><testcase classname="tests.test_client_intelligence" name="test_subject_added_at_initialised_on_create" time="6.090" /><testcase classname="tests.test_client_intelligence" name="test_subject_added_at_preserved_on_update" time="9.858" /><testcase classname="tests.test_client_intelligence" name="test_identify_rotates_visit_timestamps" time="9.318" /><testcase classname="tests.test_client_intelligence" name="test_seen_endpoint_is_idempotent" time="7.359" /><testcase classname="tests.test_client_intelligence" name="test_seen_requires_viewer_token" time="4.198" /><testcase classname="tests.test_client_intelligence" name="test_subject_added_at_in_public_payload" time="6.090" /></testsuite></testsuites>