<?xml version="1.0" encoding="utf-8"?><testsuites name="pytest tests"><testsuite name="pytest" errors="0" failures="1" skipped="0" tests="10" time="52.073" timestamp="2026-04-24T11:58:02.230493+00:00" hostname="agent-env-c66e6787-531a-4676-8aa8-dea816b14b2a"><testcase classname="tests.test_casting_review_live" name="test_start_new_then_resume_same_email" time="0.810" /><testcase classname="tests.test_casting_review_live" name="test_take_upload_with_label_and_without" time="0.583" /><testcase classname="tests.test_casting_review_live" name="test_patch_take_label_rules" time="0.910" /><testcase classname="tests.test_casting_review_live" name="test_max_5_takes" time="2.459" /><testcase classname="tests.test_casting_review_live" name="test_retest_flow_reupload_flips_status" time="2.642" /><testcase classname="tests.test_casting_review_live" name="test_delete_after_finalize_flips_status" time="2.401" /><testcase classname="tests.test_casting_review_live" name="test_public_link_order_and_take_category" time="2.321" /><testcase classname="tests.test_casting_review_live" name="test_public_link_competitive_brand_gating" time="2.835" /><testcase classname="tests.test_casting_review_live" name="test_public_link_custom_answers_modes" time="2.500"><failure message="AssertionError: {&quot;detail&quot;:[{&quot;type&quot;:&quot;bool_type&quot;,&quot;loc&quot;:[&quot;body&quot;,&quot;field_visibility&quot;,&quot;custom_answers&quot;],&quot;msg&quot;:&quot;Input should be a valid boolean&quot;,&quot;input&quot;:{&quot;Passport?&quot;:false,&quot;Bike?&quot;:true},&quot;url&quot;:&quot;https://errors.pydantic.dev/2.12/v/bool_type&quot;}]}&#10;assert 422 == 200&#10; +  where 422 = &lt;Response [422]&gt;.status_code">tests/test_casting_review_live.py:374: in test_public_link_custom_answers_modes
    link_one = _make_link(
tests/test_casting_review_live.py:272: in _make_link
    assert r.status_code == 200, r.text
E   AssertionError: {"detail":[{"type":"bool_type","loc":["body","field_visibility","custom_answers"],"msg":"Input should be a valid boolean","input":{"Passport?":false,"Bike?":true},"url":"https://errors.pydantic.dev/2.12/v/bool_type"}]}
E   assert 422 == 200
E    +  where 422 = &lt;Response [422]&gt;.status_code</failure></testcase><testcase classname="tests.test_casting_review_live" name="test_legacy_take_category_renders_as_take_with_label" time="34.499" /></testsuite></testsuites>