<?xml version="1.0" encoding="utf-8"?><testsuites name="pytest tests"><testsuite name="pytest" errors="0" failures="0" skipped="0" tests="10" time="14.812" timestamp="2026-04-30T12:34:22.921206+00:00" hostname="agent-env-c66e6787-531a-4676-8aa8-dea816b14b2a"><testcase classname="backend.tests.test_iter17_image_url" name="test_health" time="4.882" /><testcase classname="backend.tests.test_iter17_image_url" name="test_talents_have_top_level_image_url" time="1.824" /><testcase classname="backend.tests.test_iter17_image_url" name="test_applications_have_top_level_image_url" time="0.521" /><testcase classname="backend.tests.test_iter17_image_url" name="test_public_project_by_slug" time="0.415" /><testcase classname="backend.tests.test_iter17_image_url" name="test_prefill_known_email_has_image_url" time="0.377" /><testcase classname="backend.tests.test_iter17_image_url" name="test_prefill_unknown_email_empty" time="0.366" /><testcase classname="backend.tests.test_iter17_image_url" name="test_post_upload_cloudinary" time="0.967" /><testcase classname="backend.tests.test_iter17_image_url" name="test_talent_media_upload_then_delete_updates_image_url" time="5.092" /><testcase classname="backend.tests.test_iter17_image_url" name="test_no_api_files_route" time="0.264" /><testcase classname="backend.tests.test_iter17_image_url" name="test_source_no_emergent_storage_refs" time="0.002" /></testsuite></testsuites>