<?xml version="1.0" encoding="utf-8"?><testsuites name="pytest tests"><testsuite name="pytest" errors="0" failures="0" skipped="1" tests="25" time="21.856" timestamp="2026-04-25T10:57:04.693338+00:00" hostname="agent-env-c66e6787-531a-4676-8aa8-dea816b14b2a"><testcase classname="backend.tests.test_iter10_audit" name="test_health_public_project" time="0.390" /><testcase classname="backend.tests.test_iter10_audit" name="test_health_public_prefill_known" time="0.334" /><testcase classname="backend.tests.test_iter10_audit" name="test_health_public_prefill_empty" time="0.103" /><testcase classname="backend.tests.test_iter10_audit" name="test_health_public_prefill_invalid" time="0.097" /><testcase classname="backend.tests.test_iter10_audit" name="test_health_public_prefill_uppercase_normalized" time="0.347" /><testcase classname="backend.tests.test_iter10_audit" name="test_health_admin_talents" time="1.540" /><testcase classname="backend.tests.test_iter10_audit" name="test_health_admin_projects" time="0.964" /><testcase classname="backend.tests.test_iter10_audit" name="test_health_admin_applications" time="0.499" /><testcase classname="backend.tests.test_iter10_audit" name="test_health_admin_links" time="0.739" /><testcase classname="backend.tests.test_iter10_audit" name="test_health_admin_feedback" time="0.514" /><testcase classname="backend.tests.test_iter10_audit" name="test_health_admin_notifications" time="0.729" /><testcase classname="backend.tests.test_iter10_audit" name="test_err_apply_invalid_json" time="0.130" /><testcase classname="backend.tests.test_iter10_audit" name="test_err_submission_empty_payload" time="0.102" /><testcase classname="backend.tests.test_iter10_audit" name="test_err_post_talents_missing_required" time="0.272" /><testcase classname="backend.tests.test_iter10_audit" name="test_flow_c_submission_resume" time="1.342" /><testcase classname="backend.tests.test_iter10_audit" name="test_flow_b_prefill_unknown_silent" time="0.329" /><testcase classname="backend.tests.test_iter10_audit" name="test_flow_e_admin_create_duplicate_email_upserts" time="1.237" /><testcase classname="backend.tests.test_iter10_audit" name="test_security_prefill_no_pii_leak" time="0.331" /><testcase classname="backend.tests.test_iter10_audit" name="test_security_prefill_rate_limit" time="6.945" /><testcase classname="backend.tests.test_iter10_audit" name="test_security_public_link_projection" time="1.070"><skipped type="pytest.skip" message="public link returned 401">/app/backend/tests/test_iter10_audit.py:184: public link returned 401</skipped></testcase><testcase classname="backend.tests.test_iter10_audit" name="test_perf_admin_endpoints[/talents-params0]" time="0.505" /><testcase classname="backend.tests.test_iter10_audit" name="test_perf_admin_endpoints[/projects-params1]" time="0.732" /><testcase classname="backend.tests.test_iter10_audit" name="test_perf_admin_endpoints[/links-params2]" time="0.737" /><testcase classname="backend.tests.test_iter10_audit" name="test_perf_prefill_speed" time="0.328" /><testcase classname="backend.tests.test_iter10_audit" name="test_pagination_talents" time="1.466" /></testsuite></testsuites>