<?xml version="1.0" encoding="utf-8"?><testsuites name="pytest tests"><testsuite name="pytest" errors="0" failures="0" skipped="0" tests="14" time="140.240" timestamp="2026-04-27T12:28:02.256439+00:00" hostname="agent-env-c66e6787-531a-4676-8aa8-dea816b14b2a"><testcase classname="backend.tests.test_phase3_categories.TestSubmissionPerCategoryCap" name="test_indian_cap_10_then_400" time="13.739" /><testcase classname="backend.tests.test_phase3_categories.TestSubmissionPerCategoryCap" name="test_western_cap_10_then_400" time="12.472" /><testcase classname="backend.tests.test_phase3_categories.TestSubmissionPerCategoryCap" name="test_image_independent_of_indian_western" time="38.435" /><testcase classname="backend.tests.test_phase3_categories.TestApplicationPerCategoryCap" name="test_application_indian_cap" time="9.888" /><testcase classname="backend.tests.test_phase3_categories.TestApplicationPerCategoryCap" name="test_application_western_cap" time="10.064" /><testcase classname="backend.tests.test_phase3_categories.TestApplicationPerCategoryCap" name="test_application_image_independent" time="28.053" /><testcase classname="backend.tests.test_phase3_categories.TestClientViewIndianWesternMapping" name="test_existing_link_surfaces_indian_western" time="2.346" /><testcase classname="backend.tests.test_phase3_categories.TestWorkLinksSurfacing" name="test_submission_with_work_links_round_trips_via_link" time="20.639" /><testcase classname="backend.tests.test_phase3_categories.TestAdminRegression" name="test_admin_login" time="0.786" /><testcase classname="backend.tests.test_phase3_categories.TestAdminRegression" name="test_admin_listing_endpoints[/api/talents]" time="0.573" /><testcase classname="backend.tests.test_phase3_categories.TestAdminRegression" name="test_admin_listing_endpoints[/api/projects]" time="0.581" /><testcase classname="backend.tests.test_phase3_categories.TestAdminRegression" name="test_admin_listing_endpoints[/api/links]" time="0.797" /><testcase classname="backend.tests.test_phase3_categories.TestAdminRegression" name="test_admin_listing_endpoints[/api/applications]" time="1.016" /><testcase classname="backend.tests.test_phase3_categories.TestAdminRegression" name="test_admin_listing_endpoints[/api/submissions/approved]" time="0.776" /></testsuite></testsuites>