<?xml version="1.0" encoding="utf-8"?><testsuites name="pytest tests"><testsuite name="pytest" errors="0" failures="0" skipped="0" tests="8" time="24.181" timestamp="2026-04-27T05:25:54.958394+00:00" hostname="agent-env-c66e6787-531a-4676-8aa8-dea816b14b2a"><testcase classname="tests.test_media_optional.TestSubmitFinalizeZeroMedia" name="test_finalize_zero_media_full_form_succeeds" time="11.086" /><testcase classname="tests.test_media_optional.TestSubmitFinalizeZeroMedia" name="test_finalize_missing_height_400" time="1.760" /><testcase classname="tests.test_media_optional.TestSubmitFinalizeZeroMedia" name="test_finalize_missing_location_400" time="1.780" /><testcase classname="tests.test_media_optional.TestSubmitFinalizeZeroMedia" name="test_finalize_missing_availability_400" time="1.772" /><testcase classname="tests.test_media_optional.TestApplyFinalizeOneImage" name="test_finalize_no_media_400_image_required" time="1.520" /><testcase classname="tests.test_media_optional.TestApplyFinalizeOneImage" name="test_finalize_one_image_no_video_succeeds" time="3.939" /><testcase classname="tests.test_media_optional.TestAdminRegression" name="test_admin_login_and_lists" time="1.973" /><testcase classname="tests.test_media_optional.TestAdminRegression" name="test_prefill_endpoint" time="0.272" /></testsuite></testsuites>